0 info it worked if it ends with ok
1 verbose cli [ 'node',
1 verbose cli   '/usr/local/bin/npm',
1 verbose cli   'install',
1 verbose cli   'grunt-karma',
1 verbose cli   '--save-dev' ]
2 info using npm@1.4.23
3 info using node@v0.10.31
4 warn package.json mamadukes@0.0.0 No repository field.
5 warn package.json karma-chrome-launcher@0.1.7 No README data
6 warn package.json karma-firefox-launcher@0.1.4 No README data
7 verbose readDependencies using package.json deps
8 verbose cache add [ 'grunt-karma', null ]
9 verbose cache add name=undefined spec="grunt-karma" args=["grunt-karma",null]
10 verbose parsed url { protocol: null,
10 verbose parsed url   slashes: null,
10 verbose parsed url   auth: null,
10 verbose parsed url   host: null,
10 verbose parsed url   port: null,
10 verbose parsed url   hostname: null,
10 verbose parsed url   hash: null,
10 verbose parsed url   search: null,
10 verbose parsed url   query: null,
10 verbose parsed url   pathname: 'grunt-karma',
10 verbose parsed url   path: 'grunt-karma',
10 verbose parsed url   href: 'grunt-karma' }
11 silly lockFile 707ccff9-grunt-karma grunt-karma
12 verbose lock grunt-karma /Users/Nemec/.npm/707ccff9-grunt-karma.lock
13 silly lockFile 707ccff9-grunt-karma grunt-karma
14 silly lockFile 707ccff9-grunt-karma grunt-karma
15 verbose addNamed [ 'grunt-karma', '' ]
16 verbose addNamed [ null, '*' ]
17 silly lockFile 94531edb-grunt-karma grunt-karma@
18 verbose lock grunt-karma@ /Users/Nemec/.npm/94531edb-grunt-karma.lock
19 silly addNameRange { name: 'grunt-karma', range: '*', hasData: false }
20 verbose request where is /grunt-karma
21 verbose request registry https://registry.npmjs.org/
22 verbose request id 669c386755d449cb
23 verbose url raw /grunt-karma
24 verbose url resolving [ 'https://registry.npmjs.org/', './grunt-karma' ]
25 verbose url resolved https://registry.npmjs.org/grunt-karma
26 verbose request where is https://registry.npmjs.org/grunt-karma
27 info trying registry request attempt 1 at 10:06:14
28 verbose etag "79-0909b5bf9cd05d2ca7354b024313da4f"
29 http GET https://registry.npmjs.org/grunt-karma
30 http 304 https://registry.npmjs.org/grunt-karma
31 silly registry.get cb [ 304,
31 silly registry.get   { date: 'Thu, 12 Mar 2015 17:06:14 GMT',
31 silly registry.get     server: 'Apache',
31 silly registry.get     via: '1.1 varnish',
31 silly registry.get     'last-modified': 'Thu, 12 Mar 2015 17:06:14 GMT',
31 silly registry.get     'cache-control': 'max-age=60',
31 silly registry.get     etag: '"79-0909b5bf9cd05d2ca7354b024313da4f"',
31 silly registry.get     age: '37',
31 silly registry.get     'x-served-by': 'cache-lax1427-LAX',
31 silly registry.get     'x-cache': 'HIT',
31 silly registry.get     'x-cache-hits': '1',
31 silly registry.get     'x-timer': 'S1426179974.648562,VS0,VE0',
31 silly registry.get     'content-length': '0',
31 silly registry.get     'keep-alive': 'timeout=10, max=50',
31 silly registry.get     connection: 'Keep-Alive' } ]
32 verbose etag https://registry.npmjs.org/grunt-karma from cache
33 silly addNameRange number 2 { name: 'grunt-karma', range: '*', hasData: true }
34 silly addNameRange versions [ 'grunt-karma',
34 silly addNameRange   [ '0.3.0',
34 silly addNameRange     '0.4.0',
34 silly addNameRange     '0.4.1',
34 silly addNameRange     '0.4.2',
34 silly addNameRange     '0.4.3',
34 silly addNameRange     '0.4.4',
34 silly addNameRange     '0.5.0',
34 silly addNameRange     '0.4.5',
34 silly addNameRange     '0.5.1',
34 silly addNameRange     '0.5.2',
34 silly addNameRange     '0.4.6',
34 silly addNameRange     '0.5.3',
34 silly addNameRange     '0.5.4',
34 silly addNameRange     '0.6.0',
34 silly addNameRange     '0.6.1',
34 silly addNameRange     '0.7.0',
34 silly addNameRange     '0.6.2',
34 silly addNameRange     '0.7.1',
34 silly addNameRange     '0.7.2',
34 silly addNameRange     '0.7.3',
34 silly addNameRange     '0.8.0',
34 silly addNameRange     '0.8.1',
34 silly addNameRange     '0.8.2',
34 silly addNameRange     '0.8.3',
34 silly addNameRange     '0.9.0',
34 silly addNameRange     '0.10.0',
34 silly addNameRange     '0.10.1' ] ]
35 verbose addNamed [ 'grunt-karma', '0.10.1' ]
36 verbose addNamed [ '0.10.1', '0.10.1' ]
37 silly lockFile ea61fc97-grunt-karma-0-10-1 grunt-karma@0.10.1
38 verbose lock grunt-karma@0.10.1 /Users/Nemec/.npm/ea61fc97-grunt-karma-0-10-1.lock
39 silly lockFile ea61fc97-grunt-karma-0-10-1 grunt-karma@0.10.1
40 silly lockFile ea61fc97-grunt-karma-0-10-1 grunt-karma@0.10.1
41 silly lockFile 94531edb-grunt-karma grunt-karma@
42 silly lockFile 94531edb-grunt-karma grunt-karma@
43 silly resolved [ { name: 'grunt-karma',
43 silly resolved     version: '0.10.1',
43 silly resolved     description: 'grunt plugin for karma test runner',
43 silly resolved     main: 'tasks/grunt-karma.js',
43 silly resolved     repository:
43 silly resolved      { type: 'git',
43 silly resolved        url: 'https://github.com/karma-runner/grunt-karma.git' },
43 silly resolved     keywords: [ 'gruntplugin', 'karma', 'grunt', 'test', 'unit', 'runner', 'TDD' ],
43 silly resolved     scripts: { test: 'grunt test' },
43 silly resolved     author: { name: 'Dave Geddes' },
43 silly resolved     license: 'MIT',
43 silly resolved     dependencies: { lodash: '~2.4.1' },
43 silly resolved     devDependencies:
43 silly resolved      { 'coffee-script': '~1.8.0',
43 silly resolved        'expect.js': '^0.3.1',
43 silly resolved        grunt: '~0.4.3',
43 silly resolved        'grunt-auto-release': '0.0.6',
43 silly resolved        'grunt-bump': '0.0.16',
43 silly resolved        'grunt-contrib-jshint': '~0.10.0',
43 silly resolved        'grunt-contrib-watch': '~0.2.0',
43 silly resolved        'grunt-conventional-changelog': '~0.0.12',
43 silly resolved        'grunt-jscs-checker': '~0.6.1',
43 silly resolved        'grunt-npm': '0.0.2',
43 silly resolved        karma: '~0.12.0',
43 silly resolved        'karma-chrome-launcher': '~0.1.2',
43 silly resolved        'karma-firefox-launcher': '~0.1.3',
43 silly resolved        'karma-mocha': '~0.1.3' },
43 silly resolved     peerDependencies: { grunt: '0.4.x', karma: '~0.12.0' },
43 silly resolved     contributors:
43 silly resolved      [ [Object],
43 silly resolved        [Object],
43 silly resolved        [Object],
43 silly resolved        [Object],
43 silly resolved        [Object],
43 silly resolved        [Object],
43 silly resolved        [Object],
43 silly resolved        [Object],
43 silly resolved        [Object],
43 silly resolved        [Object],
43 silly resolved        [Object],
43 silly resolved        [Object],
43 silly resolved        [Object],
43 silly resolved        [Object],
43 silly resolved        [Object],
43 silly resolved        [Object],
43 silly resolved        [Object],
43 silly resolved        [Object],
43 silly resolved        [Object],
43 silly resolved        [Object],
43 silly resolved        [Object],
43 silly resolved        [Object],
43 silly resolved        [Object],
43 silly resolved        [Object] ],
43 silly resolved     gitHead: '5d2cfb3a565a7a892b8da696c20f6ea973b626cf',
43 silly resolved     bugs: { url: 'https://github.com/karma-runner/grunt-karma/issues' },
43 silly resolved     homepage: 'https://github.com/karma-runner/grunt-karma',
43 silly resolved     _id: 'grunt-karma@0.10.1',
43 silly resolved     _shasum: '255fae402bb04409cf95c6ac77e8c1968934924b',
43 silly resolved     _from: 'grunt-karma@',
43 silly resolved     _npmVersion: '2.1.9',
43 silly resolved     _nodeVersion: '0.10.33',
43 silly resolved     _npmUser: { name: 'dignifiedquire', email: 'dignifiedquire@gmail.com' },
43 silly resolved     maintainers: [ [Object], [Object], [Object], [Object] ],
43 silly resolved     dist:
43 silly resolved      { shasum: '255fae402bb04409cf95c6ac77e8c1968934924b',
43 silly resolved        tarball: 'http://registry.npmjs.org/grunt-karma/-/grunt-karma-0.10.1.tgz' },
43 silly resolved     _resolved: 'https://registry.npmjs.org/grunt-karma/-/grunt-karma-0.10.1.tgz',
43 silly resolved     readme: 'ERROR: No README data found!' } ]
44 info install grunt-karma@0.10.1 into /Users/Nemec/projects/MamaDukes
45 info installOne grunt-karma@0.10.1
46 verbose node_modules/grunt-karma unbuild
47 info preuninstall grunt-karma@0.10.1
48 info uninstall grunt-karma@0.10.1
49 verbose true,/Users/Nemec/projects/MamaDukes/node_modules,/Users/Nemec/projects/MamaDukes/node_modules unbuild grunt-karma@0.10.1
50 info postuninstall grunt-karma@0.10.1
51 verbose tar unpack /Users/Nemec/.npm/grunt-karma/0.10.1/package.tgz
52 silly lockFile 14547108-maDukes-node-modules-grunt-karma tar:///Users/Nemec/projects/MamaDukes/node_modules/grunt-karma
53 verbose lock tar:///Users/Nemec/projects/MamaDukes/node_modules/grunt-karma /Users/Nemec/.npm/14547108-maDukes-node-modules-grunt-karma.lock
54 silly lockFile 64d09f7a-m-grunt-karma-0-10-1-package-tgz tar:///Users/Nemec/.npm/grunt-karma/0.10.1/package.tgz
55 verbose lock tar:///Users/Nemec/.npm/grunt-karma/0.10.1/package.tgz /Users/Nemec/.npm/64d09f7a-m-grunt-karma-0-10-1-package-tgz.lock
56 silly gunzTarPerm modes [ '755', '644' ]
57 silly gunzTarPerm extractEntry package.json
58 silly gunzTarPerm extractEntry .npmignore
59 silly gunzTarPerm extractEntry README.md
60 silly gunzTarPerm extractEntry LICENSE
61 silly gunzTarPerm extractEntry karma.conf.js
62 silly gunzTarPerm extractEntry CHANGELOG.md
63 silly gunzTarPerm extractEntry Gruntfile.coffee
64 silly gunzTarPerm extractEntry .jscs.json
65 silly gunzTarPerm extractEntry TODO.md
66 silly gunzTarPerm extractEntry .mailmap
67 silly gunzTarPerm extractEntry lib/background.js
68 silly gunzTarPerm extractEntry tasks/grunt-karma.js
69 silly gunzTarPerm extractEntry .travis.yml
70 silly gunzTarPerm extractEntry test/grunt-karma-test.js
71 silly lockFile 14547108-maDukes-node-modules-grunt-karma tar:///Users/Nemec/projects/MamaDukes/node_modules/grunt-karma
72 silly lockFile 14547108-maDukes-node-modules-grunt-karma tar:///Users/Nemec/projects/MamaDukes/node_modules/grunt-karma
73 silly lockFile 64d09f7a-m-grunt-karma-0-10-1-package-tgz tar:///Users/Nemec/.npm/grunt-karma/0.10.1/package.tgz
74 silly lockFile 64d09f7a-m-grunt-karma-0-10-1-package-tgz tar:///Users/Nemec/.npm/grunt-karma/0.10.1/package.tgz
75 info preinstall grunt-karma@0.10.1
76 verbose readDependencies using package.json deps
77 verbose readDependencies using package.json deps
78 verbose cache add [ 'lodash@~2.4.1', null ]
79 verbose cache add name=undefined spec="lodash@~2.4.1" args=["lodash@~2.4.1",null]
80 verbose parsed url { protocol: null,
80 verbose parsed url   slashes: null,
80 verbose parsed url   auth: null,
80 verbose parsed url   host: null,
80 verbose parsed url   port: null,
80 verbose parsed url   hostname: null,
80 verbose parsed url   hash: null,
80 verbose parsed url   search: null,
80 verbose parsed url   query: null,
80 verbose parsed url   pathname: 'lodash@~2.4.1',
80 verbose parsed url   path: 'lodash@~2.4.1',
80 verbose parsed url   href: 'lodash@~2.4.1' }
81 verbose cache add name="lodash" spec="~2.4.1" args=["lodash","~2.4.1"]
82 verbose parsed url { protocol: null,
82 verbose parsed url   slashes: null,
82 verbose parsed url   auth: null,
82 verbose parsed url   host: null,
82 verbose parsed url   port: null,
82 verbose parsed url   hostname: null,
82 verbose parsed url   hash: null,
82 verbose parsed url   search: null,
82 verbose parsed url   query: null,
82 verbose parsed url   pathname: '~2.4.1',
82 verbose parsed url   path: '~2.4.1',
82 verbose parsed url   href: '~2.4.1' }
83 verbose addNamed [ 'lodash', '~2.4.1' ]
84 verbose addNamed [ null, '>=2.4.1-0 <2.5.0-0' ]
85 silly lockFile 257f9ab3-lodash-2-4-1 lodash@~2.4.1
86 verbose lock lodash@~2.4.1 /Users/Nemec/.npm/257f9ab3-lodash-2-4-1.lock
87 silly addNameRange { name: 'lodash', range: '>=2.4.1-0 <2.5.0-0', hasData: false }
88 verbose request where is /lodash
89 verbose request registry https://registry.npmjs.org/
90 verbose url raw /lodash
91 verbose url resolving [ 'https://registry.npmjs.org/', './lodash' ]
92 verbose url resolved https://registry.npmjs.org/lodash
93 verbose request where is https://registry.npmjs.org/lodash
94 info trying registry request attempt 1 at 10:06:14
95 verbose etag "4U8LCCVFIX914T5TZK58FKJRT"
96 http GET https://registry.npmjs.org/lodash
97 http 200 https://registry.npmjs.org/lodash
98 silly registry.get cb [ 200,
98 silly registry.get   { date: 'Thu, 12 Mar 2015 17:06:14 GMT',
98 silly registry.get     server: 'CouchDB/1.6.1 (Erlang OTP/R14B04)',
98 silly registry.get     etag: '"1046-366924769d9b1903051c5890c0d52868"',
98 silly registry.get     'content-type': 'application/json',
98 silly registry.get     'cache-control': 'max-age=60',
98 silly registry.get     'content-length': '86809',
98 silly registry.get     'accept-ranges': 'bytes',
98 silly registry.get     via: '1.1 varnish',
98 silly registry.get     age: '19',
98 silly registry.get     'x-served-by': 'cache-lax1425-LAX',
98 silly registry.get     'x-cache': 'HIT',
98 silly registry.get     'x-cache-hits': '2',
98 silly registry.get     'x-timer': 'S1426179974.810936,VS0,VE0',
98 silly registry.get     'keep-alive': 'timeout=10, max=50',
98 silly registry.get     connection: 'Keep-Alive' } ]
99 silly addNameRange number 2 { name: 'lodash', range: '>=2.4.1-0 <2.5.0-0', hasData: true }
100 silly addNameRange versions [ 'lodash',
100 silly addNameRange   [ '0.1.0',
100 silly addNameRange     '0.2.0',
100 silly addNameRange     '0.2.1',
100 silly addNameRange     '0.2.2',
100 silly addNameRange     '0.3.0',
100 silly addNameRange     '0.3.1',
100 silly addNameRange     '0.3.2',
100 silly addNameRange     '0.4.0',
100 silly addNameRange     '0.4.1',
100 silly addNameRange     '0.4.2',
100 silly addNameRange     '0.5.0-rc.1',
100 silly addNameRange     '0.5.0',
100 silly addNameRange     '0.5.1',
100 silly addNameRange     '0.5.2',
100 silly addNameRange     '0.6.0',
100 silly addNameRange     '0.6.1',
100 silly addNameRange     '0.7.0',
100 silly addNameRange     '0.8.0',
100 silly addNameRange     '0.8.1',
100 silly addNameRange     '0.8.2',
100 silly addNameRange     '0.9.0',
100 silly addNameRange     '0.9.1',
100 silly addNameRange     '0.9.2',
100 silly addNameRange     '0.10.0',
100 silly addNameRange     '1.0.0-rc.1',
100 silly addNameRange     '1.0.0-rc.2',
100 silly addNameRange     '1.0.0-rc.3',
100 silly addNameRange     '1.0.0',
100 silly addNameRange     '1.0.1',
100 silly addNameRange     '1.1.0',
100 silly addNameRange     '1.1.1',
100 silly addNameRange     '1.2.0',
100 silly addNameRange     '1.2.1',
100 silly addNameRange     '1.3.0',
100 silly addNameRange     '1.3.1',
100 silly addNameRange     '2.0.0',
100 silly addNameRange     '2.1.0',
100 silly addNameRange     '2.2.0',
100 silly addNameRange     '2.2.1',
100 silly addNameRange     '2.3.0',
100 silly addNameRange     '2.4.0',
100 silly addNameRange     '2.4.1',
100 silly addNameRange     '3.0.0',
100 silly addNameRange     '3.0.1',
100 silly addNameRange     '3.1.0',
100 silly addNameRange     '3.2.0',
100 silly addNameRange     '3.3.0',
100 silly addNameRange     '3.3.1',
100 silly addNameRange     '3.4.0',
100 silly addNameRange     '3.5.0' ] ]
101 verbose addNamed [ 'lodash', '2.4.1' ]
102 verbose addNamed [ '2.4.1', '2.4.1' ]
103 silly lockFile 8502be2a-lodash-2-4-1 lodash@2.4.1
104 verbose lock lodash@2.4.1 /Users/Nemec/.npm/8502be2a-lodash-2-4-1.lock
105 silly lockFile 8502be2a-lodash-2-4-1 lodash@2.4.1
106 silly lockFile 8502be2a-lodash-2-4-1 lodash@2.4.1
107 silly lockFile 257f9ab3-lodash-2-4-1 lodash@~2.4.1
108 silly lockFile 257f9ab3-lodash-2-4-1 lodash@~2.4.1
109 silly resolved [ { name: 'lodash',
109 silly resolved     version: '2.4.1',
109 silly resolved     description: 'A utility library delivering consistency, customization, performance, & extras.',
109 silly resolved     homepage: 'http://lodash.com/',
109 silly resolved     license: 'MIT',
109 silly resolved     main: 'dist/lodash.js',
109 silly resolved     keywords:
109 silly resolved      [ 'amd',
109 silly resolved        'browser',
109 silly resolved        'client',
109 silly resolved        'customize',
109 silly resolved        'functional',
109 silly resolved        'server',
109 silly resolved        'util' ],
109 silly resolved     author:
109 silly resolved      { name: 'John-David Dalton',
109 silly resolved        email: 'john.david.dalton@gmail.com',
109 silly resolved        url: 'http://allyoucanleet.com/' },
109 silly resolved     contributors: [ [Object], [Object], [Object], [Object] ],
109 silly resolved     bugs: { url: 'https://github.com/lodash/lodash/issues' },
109 silly resolved     repository: { type: 'git', url: 'https://github.com/lodash/lodash.git' },
109 silly resolved     engines: [ 'node', 'rhino' ],
109 silly resolved     files:
109 silly resolved      [ 'LICENSE.txt',
109 silly resolved        'lodash.js',
109 silly resolved        'dist/lodash.js',
109 silly resolved        'dist/lodash.min.js',
109 silly resolved        'dist/lodash.compat.js',
109 silly resolved        'dist/lodash.compat.min.js',
109 silly resolved        'dist/lodash.underscore.js',
109 silly resolved        'dist/lodash.underscore.min.js' ],
109 silly resolved     jam: { main: 'dist/lodash.compat.js', include: [Object] },
109 silly resolved     volo: { type: 'directory', ignore: [Object] },
109 silly resolved     _id: 'lodash@2.4.1',
109 silly resolved     dist:
109 silly resolved      { shasum: '5b7723034dda4d262e5a46fb2c58d7cc22f71420',
109 silly resolved        tarball: 'http://registry.npmjs.org/lodash/-/lodash-2.4.1.tgz' },
109 silly resolved     _from: 'lodash@~2.4.1',
109 silly resolved     _npmVersion: '1.3.14',
109 silly resolved     _npmUser: { name: 'jdalton', email: 'john.david.dalton@gmail.com' },
109 silly resolved     maintainers: [ [Object], [Object], [Object], [Object] ],
109 silly resolved     directories: {},
109 silly resolved     _shasum: '5b7723034dda4d262e5a46fb2c58d7cc22f71420',
109 silly resolved     _resolved: 'https://registry.npmjs.org/lodash/-/lodash-2.4.1.tgz',
109 silly resolved     readme: 'ERROR: No README data found!',
109 silly resolved     scripts: {} } ]
110 info install lodash@2.4.1 into /Users/Nemec/projects/MamaDukes/node_modules/grunt-karma
111 info installOne lodash@2.4.1
112 verbose node_modules/grunt-karma/node_modules/lodash unbuild
113 verbose tar unpack /Users/Nemec/.npm/lodash/2.4.1/package.tgz
114 silly lockFile f59a4679--grunt-karma-node-modules-lodash tar:///Users/Nemec/projects/MamaDukes/node_modules/grunt-karma/node_modules/lodash
115 verbose lock tar:///Users/Nemec/projects/MamaDukes/node_modules/grunt-karma/node_modules/lodash /Users/Nemec/.npm/f59a4679--grunt-karma-node-modules-lodash.lock
116 silly lockFile 47ca5f31-mec-npm-lodash-2-4-1-package-tgz tar:///Users/Nemec/.npm/lodash/2.4.1/package.tgz
117 verbose lock tar:///Users/Nemec/.npm/lodash/2.4.1/package.tgz /Users/Nemec/.npm/47ca5f31-mec-npm-lodash-2-4-1-package-tgz.lock
118 silly gunzTarPerm modes [ '755', '644' ]
119 silly gunzTarPerm extractEntry package.json
120 silly gunzTarPerm extractEntry README.md
121 silly gunzTarPerm extractEntry lodash.js
122 silly gunzTarPerm extractEntry LICENSE.txt
123 silly gunzTarPerm extractEntry dist/lodash.compat.js
124 silly gunzTarPerm extractEntry dist/lodash.compat.min.js
125 silly gunzTarPerm extractEntry dist/lodash.js
126 silly gunzTarPerm extractEntry dist/lodash.min.js
127 silly gunzTarPerm extractEntry dist/lodash.underscore.js
128 silly gunzTarPerm extractEntry dist/lodash.underscore.min.js
129 silly lockFile f59a4679--grunt-karma-node-modules-lodash tar:///Users/Nemec/projects/MamaDukes/node_modules/grunt-karma/node_modules/lodash
130 silly lockFile f59a4679--grunt-karma-node-modules-lodash tar:///Users/Nemec/projects/MamaDukes/node_modules/grunt-karma/node_modules/lodash
131 silly lockFile 47ca5f31-mec-npm-lodash-2-4-1-package-tgz tar:///Users/Nemec/.npm/lodash/2.4.1/package.tgz
132 silly lockFile 47ca5f31-mec-npm-lodash-2-4-1-package-tgz tar:///Users/Nemec/.npm/lodash/2.4.1/package.tgz
133 info preinstall lodash@2.4.1
134 verbose readDependencies using package.json deps
135 verbose readDependencies using package.json deps
136 silly resolved []
137 verbose about to build /Users/Nemec/projects/MamaDukes/node_modules/grunt-karma/node_modules/lodash
138 info build /Users/Nemec/projects/MamaDukes/node_modules/grunt-karma/node_modules/lodash
139 verbose linkStuff [ false,
139 verbose linkStuff   false,
139 verbose linkStuff   false,
139 verbose linkStuff   '/Users/Nemec/projects/MamaDukes/node_modules/grunt-karma/node_modules' ]
140 info linkStuff lodash@2.4.1
141 verbose linkBins lodash@2.4.1
142 verbose linkMans lodash@2.4.1
143 verbose rebuildBundles lodash@2.4.1
144 info install lodash@2.4.1
145 info postinstall lodash@2.4.1
146 verbose about to build /Users/Nemec/projects/MamaDukes/node_modules/grunt-karma
147 info build /Users/Nemec/projects/MamaDukes/node_modules/grunt-karma
148 verbose linkStuff [ false,
148 verbose linkStuff   false,
148 verbose linkStuff   false,
148 verbose linkStuff   '/Users/Nemec/projects/MamaDukes/node_modules' ]
149 info linkStuff grunt-karma@0.10.1
150 verbose linkBins grunt-karma@0.10.1
151 verbose linkMans grunt-karma@0.10.1
152 verbose rebuildBundles grunt-karma@0.10.1
153 verbose rebuildBundles [ 'lodash' ]
154 info install grunt-karma@0.10.1
155 info postinstall grunt-karma@0.10.1
156 verbose readDependencies using package.json deps
157 verbose already installed skipping karma@~0.12.0 /Users/Nemec/projects/MamaDukes
158 silly resolved []
159 error peerinvalid The package karma-jasmine does not satisfy its siblings' peerDependencies requirements!
159 error peerinvalid Peer karma@0.10.10 wants karma-jasmine@~0.1.0
160 error System Darwin 13.4.0
161 error command "node" "/usr/local/bin/npm" "install" "grunt-karma" "--save-dev"
162 error cwd /Users/Nemec/projects/MamaDukes
163 error node -v v0.10.31
164 error npm -v 1.4.23
165 error code EPEERINVALID
166 verbose exit [ 1, true ]
